<?xml version="1.0" encoding="UTF-8"?>
<!-- Generated by org.testng.reporters.JUnitXMLReporter -->
<testsuite ignored="0" hostname="DESKTOP-95B0UOS" failures="0" tests="3" name="Orange HRM" time="40.415" errors="0" timestamp="26 Feb 2024 14:49:05 GMT">
  <testcase classname="com.orangehrm.admintab.testCases.TC_AddnewJobTitles" name="AddJobTitle" time="9.563"/>
  <testcase classname="com.orangehrm.admintab.testCases.TC_EditJobTitles" name="EditJobTitle" time="9.034"/>
  <testcase classname="com.orangehrm.admintab.testCases.TC_DeleteJobTitles" name="DeleteJobTitle" time="8.188"/>
</testsuite> <!-- Orange HRM -->
