<?xml version="1.0" encoding="UTF-8"?>
<testng-results ignored="0" total="4" passed="4" failed="0" skipped="0">
  <reporter-output>
  </reporter-output>
  <suite started-at="2024-04-28T07:22:09Z" name="AdminTabSuite" finished-at="2024-04-28T07:23:18Z" duration-ms="68734">
    <groups>
    </groups>
    <test started-at="2024-04-28T07:22:09Z" name="AdminTabTest" finished-at="2024-04-28T07:23:18Z" duration-ms="68734">
      <class name="com.orangehrm.admintab.testCases.TC_EditJobTitles">
        <test-method is-config="true" signature="setup(java.lang.String)[pri:0, instance:com.orangehrm.admintab.testCases.TC_EditJobTitles@645aa696]" started-at="2024-04-28T07:22:45Z" name="setup" finished-at="2024-04-28T07:22:55Z" duration-ms="10147" status="PASS">
          <params>
            <param index="0">
              <value>
                <![CDATA[chrome]]>
              </value>
            </param>
          </params>
          <reporter-output>
          </reporter-output>
        </test-method> <!-- setup -->
        <test-method signature="EditJobTitle()[pri:0, instance:com.orangehrm.admintab.testCases.TC_EditJobTitles@645aa696]" started-at="2024-04-28T07:22:55Z" name="EditJobTitle" finished-at="2024-04-28T07:23:05Z" duration-ms="9283" status="PASS">
          <reporter-output>
          </reporter-output>
        </test-method> <!-- EditJobTitle -->
        <test-method is-config="true" signature="tearDown()[pri:0, instance:com.orangehrm.admintab.testCases.TC_EditJobTitles@645aa696]" started-at="2024-04-28T07:23:05Z" name="tearDown" finished-at="2024-04-28T07:23:05Z" duration-ms="263" status="PASS">
          <reporter-output>
          </reporter-output>
        </test-method> <!-- tearDown -->
      </class> <!-- com.orangehrm.admintab.testCases.TC_EditJobTitles -->
      <class name="com.orangehrm.admintab.testCases.TC_AddPayGrade">
        <test-method is-config="true" signature="setup(java.lang.String)[pri:0, instance:com.orangehrm.admintab.testCases.TC_AddPayGrade@5b218417]" started-at="2024-04-28T07:22:25Z" name="setup" finished-at="2024-04-28T07:22:29Z" duration-ms="3661" status="PASS">
          <params>
            <param index="0">
              <value>
                <![CDATA[chrome]]>
              </value>
            </param>
          </params>
          <reporter-output>
          </reporter-output>
        </test-method> <!-- setup -->
        <test-method signature="AddPayGrade()[pri:0, instance:com.orangehrm.admintab.testCases.TC_AddPayGrade@5b218417]" started-at="2024-04-28T07:22:29Z" name="AddPayGrade" finished-at="2024-04-28T07:22:45Z" duration-ms="15992" status="PASS">
          <reporter-output>
          </reporter-output>
        </test-method> <!-- AddPayGrade -->
        <test-method is-config="true" signature="tearDown()[pri:0, instance:com.orangehrm.admintab.testCases.TC_AddPayGrade@5b218417]" started-at="2024-04-28T07:22:45Z" name="tearDown" finished-at="2024-04-28T07:22:45Z" duration-ms="262" status="PASS">
          <reporter-output>
          </reporter-output>
        </test-method> <!-- tearDown -->
      </class> <!-- com.orangehrm.admintab.testCases.TC_AddPayGrade -->
      <class name="com.orangehrm.admintab.testCases.TC_AddnewJobTitles">
        <test-method is-config="true" signature="setup(java.lang.String)[pri:0, instance:com.orangehrm.admintab.testCases.TC_AddnewJobTitles@cc43f62]" started-at="2024-04-28T07:22:09Z" name="setup" finished-at="2024-04-28T07:22:15Z" duration-ms="5417" status="PASS">
          <params>
            <param index="0">
              <value>
                <![CDATA[chrome]]>
              </value>
            </param>
          </params>
          <reporter-output>
          </reporter-output>
        </test-method> <!-- setup -->
        <test-method signature="AddJobTitle()[pri:0, instance:com.orangehrm.admintab.testCases.TC_AddnewJobTitles@cc43f62]" started-at="2024-04-28T07:22:15Z" name="AddJobTitle" finished-at="2024-04-28T07:22:25Z" duration-ms="10157" status="PASS">
          <reporter-output>
          </reporter-output>
        </test-method> <!-- AddJobTitle -->
        <test-method is-config="true" signature="tearDown()[pri:0, instance:com.orangehrm.admintab.testCases.TC_AddnewJobTitles@cc43f62]" started-at="2024-04-28T07:22:25Z" name="tearDown" finished-at="2024-04-28T07:22:25Z" duration-ms="301" status="PASS">
          <reporter-output>
          </reporter-output>
        </test-method> <!-- tearDown -->
      </class> <!-- com.orangehrm.admintab.testCases.TC_AddnewJobTitles -->
      <class name="com.orangehrm.admintab.testCases.TC_DeleteJobTitles">
        <test-method is-config="true" signature="setup(java.lang.String)[pri:0, instance:com.orangehrm.admintab.testCases.TC_DeleteJobTitles@6caf0677]" started-at="2024-04-28T07:23:05Z" name="setup" finished-at="2024-04-28T07:23:09Z" duration-ms="4118" status="PASS">
          <params>
            <param index="0">
              <value>
                <![CDATA[chrome]]>
              </value>
            </param>
          </params>
          <reporter-output>
          </reporter-output>
        </test-method> <!-- setup -->
        <test-method signature="DeleteJobTitle()[pri:0, instance:com.orangehrm.admintab.testCases.TC_DeleteJobTitles@6caf0677]" started-at="2024-04-28T07:23:09Z" name="DeleteJobTitle" finished-at="2024-04-28T07:23:17Z" duration-ms="8382" status="PASS">
          <reporter-output>
          </reporter-output>
        </test-method> <!-- DeleteJobTitle -->
        <test-method is-config="true" signature="tearDown()[pri:0, instance:com.orangehrm.admintab.testCases.TC_DeleteJobTitles@6caf0677]" started-at="2024-04-28T07:23:17Z" name="tearDown" finished-at="2024-04-28T07:23:18Z" duration-ms="449" status="PASS">
          <reporter-output>
          </reporter-output>
        </test-method> <!-- tearDown -->
      </class> <!-- com.orangehrm.admintab.testCases.TC_DeleteJobTitles -->
    </test> <!-- AdminTabTest -->
  </suite> <!-- AdminTabSuite -->
</testng-results>
