<?xml version="1.0" encoding="UTF-8"?>
<testng-results ignored="0" total="3" passed="3" failed="0" skipped="0">
  <reporter-output>
  </reporter-output>
  <suite started-at="2024-02-26T14:48:24Z" name="orangehrm" finished-at="2024-02-26T14:49:05Z" duration-ms="40415">
    <groups>
    </groups>
    <test started-at="2024-02-26T14:48:24Z" name="Orange HRM" finished-at="2024-02-26T14:49:05Z" duration-ms="40415">
      <class name="com.orangehrm.admintab.testCases.TC_EditJobTitles">
        <test-method is-config="true" signature="setup(java.lang.String)[pri:0, instance:com.orangehrm.admintab.testCases.TC_EditJobTitles@3c72f59f]" started-at="2024-02-26T14:48:39Z" name="setup" finished-at="2024-02-26T14:48:43Z" duration-ms="4023" status="PASS">
          <params>
            <param index="0">
              <value>
                <![CDATA[chrome]]>
              </value>
            </param>
          </params>
          <reporter-output>
          </reporter-output>
        </test-method> <!-- setup -->
        <test-method signature="EditJobTitle()[pri:0, instance:com.orangehrm.admintab.testCases.TC_EditJobTitles@3c72f59f]" started-at="2024-02-26T14:48:43Z" name="EditJobTitle" finished-at="2024-02-26T14:48:52Z" duration-ms="9034" status="PASS">
          <reporter-output>
          </reporter-output>
        </test-method> <!-- EditJobTitle -->
        <test-method is-config="true" signature="tearDown()[pri:0, instance:com.orangehrm.admintab.testCases.TC_EditJobTitles@3c72f59f]" started-at="2024-02-26T14:48:52Z" name="tearDown" finished-at="2024-02-26T14:48:52Z" duration-ms="294" status="PASS">
          <reporter-output>
          </reporter-output>
        </test-method> <!-- tearDown -->
      </class> <!-- com.orangehrm.admintab.testCases.TC_EditJobTitles -->
      <class name="com.orangehrm.admintab.testCases.TC_AddnewJobTitles">
        <test-method is-config="true" signature="setup(java.lang.String)[pri:0, instance:com.orangehrm.admintab.testCases.TC_AddnewJobTitles@ec756bd]" started-at="2024-02-26T14:48:24Z" name="setup" finished-at="2024-02-26T14:48:29Z" duration-ms="4550" status="PASS">
          <params>
            <param index="0">
              <value>
                <![CDATA[chrome]]>
              </value>
            </param>
          </params>
          <reporter-output>
          </reporter-output>
        </test-method> <!-- setup -->
        <test-method signature="AddJobTitle()[pri:0, instance:com.orangehrm.admintab.testCases.TC_AddnewJobTitles@ec756bd]" started-at="2024-02-26T14:48:29Z" name="AddJobTitle" finished-at="2024-02-26T14:48:39Z" duration-ms="9563" status="PASS">
          <reporter-output>
          </reporter-output>
        </test-method> <!-- AddJobTitle -->
        <test-method is-config="true" signature="tearDown()[pri:0, instance:com.orangehrm.admintab.testCases.TC_AddnewJobTitles@ec756bd]" started-at="2024-02-26T14:48:39Z" name="tearDown" finished-at="2024-02-26T14:48:39Z" duration-ms="283" status="PASS">
          <reporter-output>
          </reporter-output>
        </test-method> <!-- tearDown -->
      </class> <!-- com.orangehrm.admintab.testCases.TC_AddnewJobTitles -->
      <class name="com.orangehrm.admintab.testCases.TC_DeleteJobTitles">
        <test-method is-config="true" signature="setup(java.lang.String)[pri:0, instance:com.orangehrm.admintab.testCases.TC_DeleteJobTitles@60dcc9fe]" started-at="2024-02-26T14:48:52Z" name="setup" finished-at="2024-02-26T14:48:56Z" duration-ms="3876" status="PASS">
          <params>
            <param index="0">
              <value>
                <![CDATA[chrome]]>
              </value>
            </param>
          </params>
          <reporter-output>
          </reporter-output>
        </test-method> <!-- setup -->
        <test-method signature="DeleteJobTitle()[pri:0, instance:com.orangehrm.admintab.testCases.TC_DeleteJobTitles@60dcc9fe]" started-at="2024-02-26T14:48:56Z" name="DeleteJobTitle" finished-at="2024-02-26T14:49:04Z" duration-ms="8188" status="PASS">
          <reporter-output>
          </reporter-output>
        </test-method> <!-- DeleteJobTitle -->
        <test-method is-config="true" signature="tearDown()[pri:0, instance:com.orangehrm.admintab.testCases.TC_DeleteJobTitles@60dcc9fe]" started-at="2024-02-26T14:49:04Z" name="tearDown" finished-at="2024-02-26T14:49:05Z" duration-ms="294" status="PASS">
          <reporter-output>
          </reporter-output>
        </test-method> <!-- tearDown -->
      </class> <!-- com.orangehrm.admintab.testCases.TC_DeleteJobTitles -->
    </test> <!-- Orange HRM -->
  </suite> <!-- orangehrm -->
</testng-results>
