<?xml version="1.0" encoding="UTF-8"?>
<!-- Generated by org.testng.reporters.JUnitXMLReporter -->
<testsuite ignored="0" hostname="DESKTOP-95B0UOS" failures="0" tests="4" name="AdminTabTest" time="68.734" errors="0" timestamp="28 Apr 2024 07:23:18 GMT">
  <testcase classname="com.orangehrm.admintab.testCases.TC_AddnewJobTitles" name="AddJobTitle" time="10.157"/>
  <testcase classname="com.orangehrm.admintab.testCases.TC_AddPayGrade" name="AddPayGrade" time="15.992"/>
  <testcase classname="com.orangehrm.admintab.testCases.TC_EditJobTitles" name="EditJobTitle" time="9.283"/>
  <testcase classname="com.orangehrm.admintab.testCases.TC_DeleteJobTitles" name="DeleteJobTitle" time="8.382"/>
</testsuite> <!-- AdminTabTest -->
